0    [main] INFO  eclipse.emf.mwe.core.WorkflowEngine  - --------------------------------------------------------------------------------------
2    [main] INFO  eclipse.emf.mwe.core.WorkflowEngine  - EMF Modeling Workflow Engine 1.3.11, Build v201508030321
2    [main] INFO  eclipse.emf.mwe.core.WorkflowEngine  - (c) 2005-2009 openarchitectureware.org and contributors
2    [main] INFO  eclipse.emf.mwe.core.WorkflowEngine  - --------------------------------------------------------------------------------------
2    [main] INFO  eclipse.emf.mwe.core.WorkflowEngine  - running workflow: C:/ooh4ria/workspaceMars/BookReView/templates/workflow/generator.mwe
2    [main] INFO  eclipse.emf.mwe.core.WorkflowEngine  - 
282  [main] INFO  lipse.emf.mwe.utils.StandaloneSetup  - Registering platform uri 'C:\ooh4ria\workspaceMars'
561  [main] WARN  lipse.emf.mwe.utils.StandaloneSetup  - Skipping conflicting project BookReViewGen at 'file:/C:/ooh4ria/workspaceMars/BookReViewGen/' and using 'file:/C:/ooh4ria/workspaceMars/BookReViewGen%20-%20copia/' instead.
578  [main] INFO  lipse.emf.mwe.utils.StandaloneSetup  - Adding generated EPackage 'es.ua.dlsi.ooh.conceptualView.ConceptualViewPackage'
621  [main] INFO  lipse.emf.mwe.utils.StandaloneSetup  - Adding generated EPackage 'org.eclipse.gmf.runtime.notation.NotationPackage'
691  [main] INFO  e.core.container.CompositeComponent  - Workflow: executing workflow workflow::nhibernate::generator.mwe in C:/ooh4ria/workspaceMars/BookReView/templates/workflow/generator.mwe:11
691  [main] INFO  e.core.container.CompositeComponent  - XmiReader: file 'models/default.domainModel' => slot 'es_ua_dlsi_ooh_conceptual_model'
881  [main] INFO  e.core.container.CompositeComponent  - CheckComponent: slot es_ua_dlsi_ooh_conceptual_model check file(s): metamodel::Checks 
1226 [main] INFO  e.core.container.CompositeComponent  - es.ua.dlsi.ooh.persistence.nhibernate.generator.workflowComponents.CleanBackup
Se ha borrado el directorio backup en la ubicacion: ../BookReViewGen\Backup
1232 [main] INFO  e.core.container.CompositeComponent  - Generator(nhibernate.generator): generating 'workflow::nhibernate::workflow::main FOR true' => [../BookReViewGen, CONFIGURATION:../BookReViewGen(overwrite=false,append=false,fileEncoding=utf-8)]
La licencia está en vigor. Su fecha de expiración es: Wed Aug 18 19:57:12 CEST 2021
configuroConf:C:\Users\alexa\AppData\Local\Temp\OOH4RIA7573390642730325699.cfg
enc:utf-8
1861 [main] INFO  and2.pr.ProtectedRegionResolverImpl  - Source scan started ...
4007 [main] INFO  and2.pr.ProtectedRegionResolverImpl  - Source scan finished in 2.146s
4008 [main] INFO  and2.pr.ProtectedRegionResolverImpl  - Files scanned: 551
4008 [main] INFO  and2.pr.ProtectedRegionResolverImpl  - Regions found: 31
enc:utf-8
enc:utf-8
enc:utf-8
enc:utf-8
enc:utf-8
enc:utf-8
4428 [main] INFO  ipse.xtend.util.stdlib.IOExtensions  - UsuarioCAD
enc:utf-8
4527 [main] INFO  ipse.xtend.util.stdlib.IOExtensions  - LibroCAD
LA clase origen: Libro y el nombre de rol: creador
DISTINTO en: asoOrigin: comentario_libro. El nombre del rol origen: opinion de el rol destino: creador
DISTINTO en: asoOrigin: club_lec_libro. El nombre del rol origen: clublibro de el rol destino: creador
LA clase destino: Libro y el nombre de rol: creador
DISTINTO en: asoTarget: libro_compra. El nombre del rol destino: solicitudesRealizada de el rol origen: creador
DISTINTO en: asoTarget: libro_lista. El nombre del rol destino: listainfo de el rol origen: creador
DISTINTO en: asoTarget: libro_usuario. El nombre del rol destino: usuarios de el rol origen: creador
Encontrado en: asoTarget: libro_0_usuario_0 El nombre de rol origen (generado): librosCreado y el nombre del rol destino:creador
LA clase origen: Libro y el nombre de rol: creador
DISTINTO en: asoOrigin: comentario_libro. El nombre del rol origen: opinion de el rol destino: creador
DISTINTO en: asoOrigin: club_lec_libro. El nombre del rol origen: clublibro de el rol destino: creador
LA clase destino: Libro y el nombre de rol: creador
DISTINTO en: asoTarget: libro_compra. El nombre del rol destino: solicitudesRealizada de el rol origen: creador
DISTINTO en: asoTarget: libro_lista. El nombre del rol destino: listainfo de el rol origen: creador
DISTINTO en: asoTarget: libro_usuario. El nombre del rol destino: usuarios de el rol origen: creador
Encontrado en: asoTarget: libro_0_usuario_0 El nombre de rol origen (generado): librosCreado y el nombre del rol destino:creador
LA clase origen: Libro y el nombre de rol: creador
DISTINTO en: asoOrigin: comentario_libro. El nombre del rol origen: opinion de el rol destino: creador
DISTINTO en: asoOrigin: club_lec_libro. El nombre del rol origen: clublibro de el rol destino: creador
LA clase destino: Libro y el nombre de rol: creador
DISTINTO en: asoTarget: libro_compra. El nombre del rol destino: solicitudesRealizada de el rol origen: creador
DISTINTO en: asoTarget: libro_lista. El nombre del rol destino: listainfo de el rol origen: creador
DISTINTO en: asoTarget: libro_usuario. El nombre del rol destino: usuarios de el rol origen: creador
Encontrado en: asoTarget: libro_0_usuario_0 El nombre de rol origen (generado): librosCreado y el nombre del rol destino:creador
LA clase origen: Libro y el nombre de rol: aut_lib
DISTINTO en: asoOrigin: comentario_libro. El nombre del rol origen: opinion de el rol destino: aut_lib
DISTINTO en: asoOrigin: club_lec_libro. El nombre del rol origen: clublibro de el rol destino: aut_lib
LA clase destino: Libro y el nombre de rol: aut_lib
DISTINTO en: asoTarget: libro_compra. El nombre del rol destino: solicitudesRealizada de el rol origen: aut_lib
DISTINTO en: asoTarget: libro_lista. El nombre del rol destino: listainfo de el rol origen: aut_lib
DISTINTO en: asoTarget: libro_usuario. El nombre del rol destino: usuarios de el rol origen: aut_lib
DISTINTO en: asoTarget: libro_0_usuario_0. El nombre del rol destino: creador de el rol origen: aut_lib
DISTINTO en: asoTarget: libro_puntuacion_0. El nombre del rol destino: puntuacion_0 de el rol origen: aut_lib
Encontrado en: asoTarget: libro_autor_0 El nombre de rol origen (generado): obra y el nombre del rol destino:aut_lib
LA clase origen: Libro y el nombre de rol: aut_lib
DISTINTO en: asoOrigin: comentario_libro. El nombre del rol origen: opinion de el rol destino: aut_lib
DISTINTO en: asoOrigin: club_lec_libro. El nombre del rol origen: clublibro de el rol destino: aut_lib
LA clase destino: Libro y el nombre de rol: aut_lib
DISTINTO en: asoTarget: libro_compra. El nombre del rol destino: solicitudesRealizada de el rol origen: aut_lib
DISTINTO en: asoTarget: libro_lista. El nombre del rol destino: listainfo de el rol origen: aut_lib
DISTINTO en: asoTarget: libro_usuario. El nombre del rol destino: usuarios de el rol origen: aut_lib
DISTINTO en: asoTarget: libro_0_usuario_0. El nombre del rol destino: creador de el rol origen: aut_lib
DISTINTO en: asoTarget: libro_puntuacion_0. El nombre del rol destino: puntuacion_0 de el rol origen: aut_lib
Encontrado en: asoTarget: libro_autor_0 El nombre de rol origen (generado): obra y el nombre del rol destino:aut_lib
LA clase origen: Libro y el nombre de rol: aut_lib
DISTINTO en: asoOrigin: comentario_libro. El nombre del rol origen: opinion de el rol destino: aut_lib
DISTINTO en: asoOrigin: club_lec_libro. El nombre del rol origen: clublibro de el rol destino: aut_lib
LA clase destino: Libro y el nombre de rol: aut_lib
DISTINTO en: asoTarget: libro_compra. El nombre del rol destino: solicitudesRealizada de el rol origen: aut_lib
DISTINTO en: asoTarget: libro_lista. El nombre del rol destino: listainfo de el rol origen: aut_lib
DISTINTO en: asoTarget: libro_usuario. El nombre del rol destino: usuarios de el rol origen: aut_lib
DISTINTO en: asoTarget: libro_0_usuario_0. El nombre del rol destino: creador de el rol origen: aut_lib
DISTINTO en: asoTarget: libro_puntuacion_0. El nombre del rol destino: puntuacion_0 de el rol origen: aut_lib
Encontrado en: asoTarget: libro_autor_0 El nombre de rol origen (generado): obra y el nombre del rol destino:aut_lib
enc:utf-8
4659 [main] INFO  ipse.xtend.util.stdlib.IOExtensions  - SolicitudCAD
LA clase origen: Solicitud y el nombre de rol: solicitante
Encontrado en: asoOrigin: usuario_solicitud. El nombre del rol origen: solicitante y el nombre de rol destino: solicitudesRealizadas
LA clase origen: Solicitud y el nombre de rol: solicitante
Encontrado en: asoOrigin: usuario_solicitud. El nombre del rol origen: solicitante y el nombre de rol destino: solicitudesRealizadas
LA clase origen: Solicitud y el nombre de rol: solicitante
Encontrado en: asoOrigin: usuario_solicitud. El nombre del rol origen: solicitante y el nombre de rol destino: solicitudesRealizadas
LA clase origen: Solicitud y el nombre de rol: solicitante
Encontrado en: asoOrigin: usuario_solicitud. El nombre del rol origen: solicitante y el nombre de rol destino: solicitudesRealizadas
LA clase origen: Solicitud y el nombre de rol: solicitante
Encontrado en: asoOrigin: usuario_solicitud. El nombre del rol origen: solicitante y el nombre de rol destino: solicitudesRealizadas
LA clase origen: Solicitud y el nombre de rol: solicitante
Encontrado en: asoOrigin: usuario_solicitud. El nombre del rol origen: solicitante y el nombre de rol destino: solicitudesRealizadas
LA clase origen: Solicitud y el nombre de rol: solicitado
DISTINTO en: asoOrigin: usuario_solicitud. El nombre del rol origen: solicitante de el rol destino: solicitado
Encontrado en: asoOrigin: usuario_solicitud_2. El nombre del rol origen: solicitado y el nombre de rol destino: solicitudesRecibidas
LA clase origen: Solicitud y el nombre de rol: solicitado
DISTINTO en: asoOrigin: usuario_solicitud. El nombre del rol origen: solicitante de el rol destino: solicitado
Encontrado en: asoOrigin: usuario_solicitud_2. El nombre del rol origen: solicitado y el nombre de rol destino: solicitudesRecibidas
LA clase origen: Solicitud y el nombre de rol: solicitado
DISTINTO en: asoOrigin: usuario_solicitud. El nombre del rol origen: solicitante de el rol destino: solicitado
Encontrado en: asoOrigin: usuario_solicitud_2. El nombre del rol origen: solicitado y el nombre de rol destino: solicitudesRecibidas
LA clase origen: Solicitud y el nombre de rol: solicitado
DISTINTO en: asoOrigin: usuario_solicitud. El nombre del rol origen: solicitante de el rol destino: solicitado
Encontrado en: asoOrigin: usuario_solicitud_2. El nombre del rol origen: solicitado y el nombre de rol destino: solicitudesRecibidas
LA clase origen: Solicitud y el nombre de rol: solicitado
DISTINTO en: asoOrigin: usuario_solicitud. El nombre del rol origen: solicitante de el rol destino: solicitado
Encontrado en: asoOrigin: usuario_solicitud_2. El nombre del rol origen: solicitado y el nombre de rol destino: solicitudesRecibidas
LA clase origen: Solicitud y el nombre de rol: solicitado
DISTINTO en: asoOrigin: usuario_solicitud. El nombre del rol origen: solicitante de el rol destino: solicitado
Encontrado en: asoOrigin: usuario_solicitud_2. El nombre del rol origen: solicitado y el nombre de rol destino: solicitudesRecibidas
enc:utf-8
4723 [main] INFO  ipse.xtend.util.stdlib.IOExtensions  - Club_lecCAD
LA clase origen: Club_lec y el nombre de rol: lectura
LA clase destino: Club_lec y el nombre de rol: lectura
DISTINTO en: asoTarget: club_lec_usuario. El nombre del rol destino: lectores de el rol origen: lectura
Encontrado en: asoTarget: club_lec_libro El nombre de rol origen (generado): clublibro y el nombre del rol destino:lectura
LA clase origen: Club_lec y el nombre de rol: lectura
LA clase destino: Club_lec y el nombre de rol: lectura
DISTINTO en: asoTarget: club_lec_usuario. El nombre del rol destino: lectores de el rol origen: lectura
Encontrado en: asoTarget: club_lec_libro El nombre de rol origen (generado): clublibro y el nombre del rol destino:lectura
LA clase origen: Club_lec y el nombre de rol: lectura
LA clase destino: Club_lec y el nombre de rol: lectura
DISTINTO en: asoTarget: club_lec_usuario. El nombre del rol destino: lectores de el rol origen: lectura
Encontrado en: asoTarget: club_lec_libro El nombre de rol origen (generado): clublibro y el nombre del rol destino:lectura
enc:utf-8
4809 [main] INFO  ipse.xtend.util.stdlib.IOExtensions  - ComentarioCAD
LA clase origen: Comentario y el nombre de rol: lectura
LA clase destino: Comentario y el nombre de rol: lectura
Encontrado en: asoTarget: comentario_libro El nombre de rol origen (generado): opinion y el nombre del rol destino:lectura
LA clase origen: Comentario y el nombre de rol: lectura
LA clase destino: Comentario y el nombre de rol: lectura
Encontrado en: asoTarget: comentario_libro El nombre de rol origen (generado): opinion y el nombre del rol destino:lectura
LA clase origen: Comentario y el nombre de rol: lectura
LA clase destino: Comentario y el nombre de rol: lectura
Encontrado en: asoTarget: comentario_libro El nombre de rol origen (generado): opinion y el nombre del rol destino:lectura
LA clase origen: Comentario y el nombre de rol: comentador
LA clase destino: Comentario y el nombre de rol: comentador
DISTINTO en: asoTarget: comentario_libro. El nombre del rol destino: lectura de el rol origen: comentador
Encontrado en: asoTarget: comentario_usuario El nombre de rol origen (generado): comentario y el nombre del rol destino:comentador
LA clase origen: Comentario y el nombre de rol: comentador
LA clase destino: Comentario y el nombre de rol: comentador
DISTINTO en: asoTarget: comentario_libro. El nombre del rol destino: lectura de el rol origen: comentador
Encontrado en: asoTarget: comentario_usuario El nombre de rol origen (generado): comentario y el nombre del rol destino:comentador
LA clase origen: Comentario y el nombre de rol: comentador
LA clase destino: Comentario y el nombre de rol: comentador
DISTINTO en: asoTarget: comentario_libro. El nombre del rol destino: lectura de el rol origen: comentador
Encontrado en: asoTarget: comentario_usuario El nombre de rol origen (generado): comentario y el nombre del rol destino:comentador
LA clase origen: Comentario y el nombre de rol: lectura
LA clase destino: Comentario y el nombre de rol: lectura
Encontrado en: asoTarget: comentario_libro El nombre de rol origen (generado): opinion y el nombre del rol destino:lectura
LA clase origen: Comentario y el nombre de rol: lectura
LA clase destino: Comentario y el nombre de rol: lectura
Encontrado en: asoTarget: comentario_libro El nombre de rol origen (generado): opinion y el nombre del rol destino:lectura
LA clase origen: Comentario y el nombre de rol: lectura
LA clase destino: Comentario y el nombre de rol: lectura
Encontrado en: asoTarget: comentario_libro El nombre de rol origen (generado): opinion y el nombre del rol destino:lectura
LA clase origen: Comentario y el nombre de rol: comentador
LA clase destino: Comentario y el nombre de rol: comentador
DISTINTO en: asoTarget: comentario_libro. El nombre del rol destino: lectura de el rol origen: comentador
Encontrado en: asoTarget: comentario_usuario El nombre de rol origen (generado): comentario y el nombre del rol destino:comentador
LA clase origen: Comentario y el nombre de rol: comentador
LA clase destino: Comentario y el nombre de rol: comentador
DISTINTO en: asoTarget: comentario_libro. El nombre del rol destino: lectura de el rol origen: comentador
Encontrado en: asoTarget: comentario_usuario El nombre de rol origen (generado): comentario y el nombre del rol destino:comentador
LA clase origen: Comentario y el nombre de rol: comentador
LA clase destino: Comentario y el nombre de rol: comentador
DISTINTO en: asoTarget: comentario_libro. El nombre del rol destino: lectura de el rol origen: comentador
Encontrado en: asoTarget: comentario_usuario El nombre de rol origen (generado): comentario y el nombre del rol destino:comentador
enc:utf-8
4895 [main] INFO  ipse.xtend.util.stdlib.IOExtensions  - AdminCAD
enc:utf-8
4966 [main] INFO  ipse.xtend.util.stdlib.IOExtensions  - CompraCAD
LA clase origen: Compra y el nombre de rol: comprador
Encontrado en: asoOrigin: usuario_compra. El nombre del rol origen: comprador y el nombre de rol destino: pasarelaPago
LA clase origen: Compra y el nombre de rol: comprador
Encontrado en: asoOrigin: usuario_compra. El nombre del rol origen: comprador y el nombre de rol destino: pasarelaPago
LA clase origen: Compra y el nombre de rol: comprador
Encontrado en: asoOrigin: usuario_compra. El nombre del rol origen: comprador y el nombre de rol destino: pasarelaPago
LA clase origen: Compra y el nombre de rol: comprador
Encontrado en: asoOrigin: usuario_compra. El nombre del rol origen: comprador y el nombre de rol destino: pasarelaPago
LA clase origen: Compra y el nombre de rol: comprador
Encontrado en: asoOrigin: usuario_compra. El nombre del rol origen: comprador y el nombre de rol destino: pasarelaPago
LA clase origen: Compra y el nombre de rol: comprador
Encontrado en: asoOrigin: usuario_compra. El nombre del rol origen: comprador y el nombre de rol destino: pasarelaPago
LA clase origen: Compra y el nombre de rol: solicitante
DISTINTO en: asoOrigin: usuario_compra. El nombre del rol origen: comprador de el rol destino: solicitante
Encontrado en: asoOrigin: libro_compra. El nombre del rol origen: solicitante y el nombre de rol destino: solicitudesRealizada
LA clase origen: Compra y el nombre de rol: solicitante
DISTINTO en: asoOrigin: usuario_compra. El nombre del rol origen: comprador de el rol destino: solicitante
Encontrado en: asoOrigin: libro_compra. El nombre del rol origen: solicitante y el nombre de rol destino: solicitudesRealizada
LA clase origen: Compra y el nombre de rol: solicitante
DISTINTO en: asoOrigin: usuario_compra. El nombre del rol origen: comprador de el rol destino: solicitante
Encontrado en: asoOrigin: libro_compra. El nombre del rol origen: solicitante y el nombre de rol destino: solicitudesRealizada
LA clase origen: Compra y el nombre de rol: solicitante
DISTINTO en: asoOrigin: usuario_compra. El nombre del rol origen: comprador de el rol destino: solicitante
Encontrado en: asoOrigin: libro_compra. El nombre del rol origen: solicitante y el nombre de rol destino: solicitudesRealizada
LA clase origen: Compra y el nombre de rol: solicitante
DISTINTO en: asoOrigin: usuario_compra. El nombre del rol origen: comprador de el rol destino: solicitante
Encontrado en: asoOrigin: libro_compra. El nombre del rol origen: solicitante y el nombre de rol destino: solicitudesRealizada
LA clase origen: Compra y el nombre de rol: solicitante
DISTINTO en: asoOrigin: usuario_compra. El nombre del rol origen: comprador de el rol destino: solicitante
Encontrado en: asoOrigin: libro_compra. El nombre del rol origen: solicitante y el nombre de rol destino: solicitudesRealizada
LA clase origen: Compra y el nombre de rol: comprador
Encontrado en: asoOrigin: usuario_compra. El nombre del rol origen: comprador y el nombre de rol destino: pasarelaPago
LA clase origen: Compra y el nombre de rol: comprador
Encontrado en: asoOrigin: usuario_compra. El nombre del rol origen: comprador y el nombre de rol destino: pasarelaPago
LA clase origen: Compra y el nombre de rol: comprador
Encontrado en: asoOrigin: usuario_compra. El nombre del rol origen: comprador y el nombre de rol destino: pasarelaPago
LA clase origen: Compra y el nombre de rol: comprador
Encontrado en: asoOrigin: usuario_compra. El nombre del rol origen: comprador y el nombre de rol destino: pasarelaPago
LA clase origen: Compra y el nombre de rol: comprador
Encontrado en: asoOrigin: usuario_compra. El nombre del rol origen: comprador y el nombre de rol destino: pasarelaPago
LA clase origen: Compra y el nombre de rol: comprador
Encontrado en: asoOrigin: usuario_compra. El nombre del rol origen: comprador y el nombre de rol destino: pasarelaPago
LA clase origen: Compra y el nombre de rol: solicitante
DISTINTO en: asoOrigin: usuario_compra. El nombre del rol origen: comprador de el rol destino: solicitante
Encontrado en: asoOrigin: libro_compra. El nombre del rol origen: solicitante y el nombre de rol destino: solicitudesRealizada
LA clase origen: Compra y el nombre de rol: solicitante
DISTINTO en: asoOrigin: usuario_compra. El nombre del rol origen: comprador de el rol destino: solicitante
Encontrado en: asoOrigin: libro_compra. El nombre del rol origen: solicitante y el nombre de rol destino: solicitudesRealizada
LA clase origen: Compra y el nombre de rol: solicitante
DISTINTO en: asoOrigin: usuario_compra. El nombre del rol origen: comprador de el rol destino: solicitante
Encontrado en: asoOrigin: libro_compra. El nombre del rol origen: solicitante y el nombre de rol destino: solicitudesRealizada
LA clase origen: Compra y el nombre de rol: solicitante
DISTINTO en: asoOrigin: usuario_compra. El nombre del rol origen: comprador de el rol destino: solicitante
Encontrado en: asoOrigin: libro_compra. El nombre del rol origen: solicitante y el nombre de rol destino: solicitudesRealizada
LA clase origen: Compra y el nombre de rol: solicitante
DISTINTO en: asoOrigin: usuario_compra. El nombre del rol origen: comprador de el rol destino: solicitante
Encontrado en: asoOrigin: libro_compra. El nombre del rol origen: solicitante y el nombre de rol destino: solicitudesRealizada
LA clase origen: Compra y el nombre de rol: solicitante
DISTINTO en: asoOrigin: usuario_compra. El nombre del rol origen: comprador de el rol destino: solicitante
Encontrado en: asoOrigin: libro_compra. El nombre del rol origen: solicitante y el nombre de rol destino: solicitudesRealizada
enc:utf-8
5107 [main] INFO  ipse.xtend.util.stdlib.IOExtensions  - ListaCAD
LA clase origen: Lista y el nombre de rol: duenyoLista
DISTINTO en: asoOrigin: libro_lista. El nombre del rol origen: enlistado de el rol destino: duenyoLista
LA clase destino: Lista y el nombre de rol: duenyoLista
Encontrado en: asoTarget: lista_usuario El nombre de rol origen (generado): listaTipo y el nombre del rol destino:duenyoLista
LA clase origen: Lista y el nombre de rol: duenyoLista
DISTINTO en: asoOrigin: libro_lista. El nombre del rol origen: enlistado de el rol destino: duenyoLista
LA clase destino: Lista y el nombre de rol: duenyoLista
Encontrado en: asoTarget: lista_usuario El nombre de rol origen (generado): listaTipo y el nombre del rol destino:duenyoLista
LA clase origen: Lista y el nombre de rol: duenyoLista
DISTINTO en: asoOrigin: libro_lista. El nombre del rol origen: enlistado de el rol destino: duenyoLista
LA clase destino: Lista y el nombre de rol: duenyoLista
Encontrado en: asoTarget: lista_usuario El nombre de rol origen (generado): listaTipo y el nombre del rol destino:duenyoLista
enc:utf-8
5164 [main] INFO  ipse.xtend.util.stdlib.IOExtensions  - PuntuacionCAD
LA clase origen: puntuacion y el nombre de rol: usuario
DISTINTO en: asoOrigin: libro_puntuacion_0. El nombre del rol origen: libro de el rol destino: usuario
LA clase destino: puntuacion y el nombre de rol: usuario
Encontrado en: asoTarget: puntuacion_usuario El nombre de rol origen (generado): puntuacion y el nombre del rol destino:usuario
LA clase origen: puntuacion y el nombre de rol: usuario
DISTINTO en: asoOrigin: libro_puntuacion_0. El nombre del rol origen: libro de el rol destino: usuario
LA clase destino: puntuacion y el nombre de rol: usuario
Encontrado en: asoTarget: puntuacion_usuario El nombre de rol origen (generado): puntuacion y el nombre del rol destino:usuario
LA clase origen: puntuacion y el nombre de rol: usuario
DISTINTO en: asoOrigin: libro_puntuacion_0. El nombre del rol origen: libro de el rol destino: usuario
LA clase destino: puntuacion y el nombre de rol: usuario
Encontrado en: asoTarget: puntuacion_usuario El nombre de rol origen (generado): puntuacion y el nombre del rol destino:usuario
LA clase origen: puntuacion y el nombre de rol: libro
Encontrado en: asoOrigin: libro_puntuacion_0. El nombre del rol origen: libro y el nombre de rol destino: puntuacion_0
LA clase origen: puntuacion y el nombre de rol: libro
Encontrado en: asoOrigin: libro_puntuacion_0. El nombre del rol origen: libro y el nombre de rol destino: puntuacion_0
LA clase origen: puntuacion y el nombre de rol: libro
Encontrado en: asoOrigin: libro_puntuacion_0. El nombre del rol origen: libro y el nombre de rol destino: puntuacion_0
LA clase origen: puntuacion y el nombre de rol: libro
Encontrado en: asoOrigin: libro_puntuacion_0. El nombre del rol origen: libro y el nombre de rol destino: puntuacion_0
LA clase origen: puntuacion y el nombre de rol: libro
Encontrado en: asoOrigin: libro_puntuacion_0. El nombre del rol origen: libro y el nombre de rol destino: puntuacion_0
LA clase origen: puntuacion y el nombre de rol: libro
Encontrado en: asoOrigin: libro_puntuacion_0. El nombre del rol origen: libro y el nombre de rol destino: puntuacion_0
enc:utf-8
5204 [main] INFO  ipse.xtend.util.stdlib.IOExtensions  - AutorCAD
enc:utf-8
enc:utf-8
enc:utf-8
enc:utf-8
enc:utf-8
enc:utf-8
enc:utf-8
enc:utf-8
enc:utf-8
enc:utf-8
enc:utf-8
enc:utf-8
5684 [main] INFO  ipse.xtend.util.stdlib.IOExtensions  - UsuarioCEN
enc:utf-8
5727 [main] INFO  ipse.xtend.util.stdlib.IOExtensions  - LibroCEN
enc:utf-8
5867 [main] INFO  ipse.xtend.util.stdlib.IOExtensions  - SolicitudCEN
enc:utf-8
5939 [main] INFO  ipse.xtend.util.stdlib.IOExtensions  - Club_lecCEN
enc:utf-8
6018 [main] INFO  ipse.xtend.util.stdlib.IOExtensions  - ComentarioCEN
enc:utf-8
6058 [main] INFO  ipse.xtend.util.stdlib.IOExtensions  - AdminCEN
enc:utf-8
6094 [main] INFO  ipse.xtend.util.stdlib.IOExtensions  - CompraCEN
enc:utf-8
6130 [main] INFO  ipse.xtend.util.stdlib.IOExtensions  - ListaCEN
enc:utf-8
6163 [main] INFO  ipse.xtend.util.stdlib.IOExtensions  - PuntuacionCEN
enc:utf-8
6203 [main] INFO  ipse.xtend.util.stdlib.IOExtensions  - AutorCEN
enc:utf-8
enc:utf-8
enc:utf-8
enc:utf-8
enc:utf-8
enc:utf-8
enc:utf-8
enc:utf-8
enc:utf-8
enc:utf-8
enc:utf-8
6643 [main] INFO  ipse.xtend.util.stdlib.IOExtensions  - es.ua.dlsi.ooh.conceptualView.impl.OperationImpl@3bd82cf5 (name: new, visibility: Public, operationType: New, description: null, type: Object, collectionType: None, isStatic: false, isOrdered: false, filter: null, precondition: null, body: null, postcondition: null, automaticSynchronize: true, customized: false, paging: false, customizedTransaction: false)
6643 [main] INFO  ipse.xtend.util.stdlib.IOExtensions  - es.ua.dlsi.ooh.conceptualView.impl.OperationImpl@77f1baf5 (name: modify, visibility: Public, operationType: Modifier, description: null, type: Void, collectionType: None, isStatic: false, isOrdered: false, filter: null, precondition: null, body: null, postcondition: null, automaticSynchronize: true, customized: false, paging: false, customizedTransaction: false)
6643 [main] INFO  ipse.xtend.util.stdlib.IOExtensions  - es.ua.dlsi.ooh.conceptualView.impl.OperationImpl@2df3b89c (name: destroy, visibility: Public, operationType: Destroy, description: null, type: Void, collectionType: None, isStatic: false, isOrdered: false, filter: null, precondition: null, body: null, postcondition: null, automaticSynchronize: true, customized: false, paging: false, customizedTransaction: false)
6643 [main] INFO  ipse.xtend.util.stdlib.IOExtensions  - es.ua.dlsi.ooh.conceptualView.impl.OperationImpl@70325e14 (name: login, visibility: Public, operationType: Login, description: null, type: String, collectionType: None, isStatic: false, isOrdered: false, filter: null, precondition: null, body: null, postcondition: null, automaticSynchronize: false, customized: true, paging: false, customizedTransaction: false)
6643 [main] INFO  ipse.xtend.util.stdlib.IOExtensions  - es.ua.dlsi.ooh.conceptualView.impl.OperationImpl@20d525 (name: validarUsuario, visibility: Public, operationType: Custom, description: null, type: Void, collectionType: None, isStatic: false, isOrdered: false, filter: null, precondition: null, body: null, postcondition: null, automaticSynchronize: true, customized: false, paging: false, customizedTransaction: false)
6643 [main] INFO  ipse.xtend.util.stdlib.IOExtensions  - es.ua.dlsi.ooh.conceptualView.impl.OperationImpl@2002fc1d (name: verPerfil, visibility: Public, operationType: Custom, description: null, type: Void, collectionType: None, isStatic: false, isOrdered: false, filter: null, precondition: null, body: null, postcondition: null, automaticSynchronize: true, customized: false, paging: false, customizedTransaction: false)
6643 [main] INFO  ipse.xtend.util.stdlib.IOExtensions  - es.ua.dlsi.ooh.conceptualView.impl.OperationImpl@6f4a47c7 (name: gestionPerfil, visibility: Public, operationType: Custom, description: null, type: Void, collectionType: None, isStatic: false, isOrdered: false, filter: null, precondition: null, body: null, postcondition: null, automaticSynchronize: true, customized: false, paging: false, customizedTransaction: false)
6643 [main] INFO  ipse.xtend.util.stdlib.IOExtensions  - es.ua.dlsi.ooh.conceptualView.impl.OperationImpl@3d34d211 (name: readOID, visibility: Public, operationType: ReadOID, description: null, type: Object, collectionType: None, isStatic: false, isOrdered: false, filter: null, precondition: null, body: null, postcondition: null, automaticSynchronize: true, customized: false, paging: false, customizedTransaction: false)
6643 [main] INFO  ipse.xtend.util.stdlib.IOExtensions  - es.ua.dlsi.ooh.conceptualView.impl.OperationImpl@4009e306 (name: readAll, visibility: Public, operationType: ReadAll, description: null, type: Object, collectionType: List, isStatic: false, isOrdered: false, filter: null, precondition: null, body: null, postcondition: null, automaticSynchronize: true, customized: false, paging: false, customizedTransaction: false)
6644 [main] INFO  ipse.xtend.util.stdlib.IOExtensions  - es.ua.dlsi.ooh.conceptualView.impl.OperationImpl@43c1b556 (name: anyadirClub, visibility: Public, operationType: Relationer, description: null, type: Void, collectionType: None, isStatic: false, isOrdered: false, filter: null, precondition: null, body: null, postcondition: null, automaticSynchronize: true, customized: false, paging: false, customizedTransaction: false)
6644 [main] INFO  ipse.xtend.util.stdlib.IOExtensions  - es.ua.dlsi.ooh.conceptualView.impl.OperationImpl@2de23121 (name: anyadirLibro, visibility: Public, operationType: Relationer, description: null, type: Void, collectionType: None, isStatic: false, isOrdered: false, filter: null, precondition: null, body: null, postcondition: null, automaticSynchronize: true, customized: false, paging: false, customizedTransaction: false)
6644 [main] INFO  ipse.xtend.util.stdlib.IOExtensions  - es.ua.dlsi.ooh.conceptualView.impl.OperationImpl@c0c2f8d (name: readFilter, visibility: Public, operationType: ReadFilter, description: null, type: Object, collectionType: List, isStatic: false, isOrdered: false, filter: select usu FROM UsuarioEN as usu, precondition: null, body: null, postcondition: null, automaticSynchronize: false, customized: false, paging: false, customizedTransaction: false)
6644 [main] INFO  ipse.xtend.util.stdlib.IOExtensions  - es.ua.dlsi.ooh.conceptualView.impl.OperationImpl@305b7c14 (name: getUsuarioByEmail, visibility: Public, operationType: ReadFilter, description: null, type: Object, collectionType: List, isStatic: false, isOrdered: false, filter: FROM UsuarioEN as usu where usu.Mail = :p_mail, precondition: null, body: null, postcondition: null, automaticSynchronize: false, customized: false, paging: false, customizedTransaction: false)
enc:utf-8
6674 [main] INFO  ipse.xtend.util.stdlib.IOExtensions  - es.ua.dlsi.ooh.conceptualView.impl.OperationImpl@75db5df9 (name: modify, visibility: Public, operationType: Modifier, description: null, type: Void, collectionType: None, isStatic: false, isOrdered: false, filter: null, precondition: null, body: null, postcondition: null, automaticSynchronize: true, customized: false, paging: false, customizedTransaction: false)
6674 [main] INFO  ipse.xtend.util.stdlib.IOExtensions  - es.ua.dlsi.ooh.conceptualView.impl.OperationImpl@7ee8290b (name: borrarLibro, visibility: Public, operationType: Destroy, description: null, type: Void, collectionType: None, isStatic: false, isOrdered: false, filter: null, precondition: null, body: null, postcondition: null, automaticSynchronize: true, customized: false, paging: false, customizedTransaction: false)
6674 [main] INFO  ipse.xtend.util.stdlib.IOExtensions  - es.ua.dlsi.ooh.conceptualView.impl.OperationImpl@1e178745 (name: publicarLibro, visibility: Public, operationType: New, description: null, type: Object, collectionType: None, isStatic: false, isOrdered: false, filter: null, precondition: null, body: null, postcondition: null, automaticSynchronize: true, customized: false, paging: false, customizedTransaction: false)
6674 [main] INFO  ipse.xtend.util.stdlib.IOExtensions  - es.ua.dlsi.ooh.conceptualView.impl.OperationImpl@6aaceffd (name: readOID, visibility: Public, operationType: ReadOID, description: null, type: Object, collectionType: None, isStatic: false, isOrdered: false, filter: null, precondition: null, body: null, postcondition: null, automaticSynchronize: true, customized: false, paging: false, customizedTransaction: false)
6675 [main] INFO  ipse.xtend.util.stdlib.IOExtensions  - es.ua.dlsi.ooh.conceptualView.impl.OperationImpl@10aa41f2 (name: readAll, visibility: Public, operationType: ReadAll, description: null, type: Object, collectionType: List, isStatic: false, isOrdered: false, filter: null, precondition: null, body: null, postcondition: null, automaticSynchronize: true, customized: false, paging: false, customizedTransaction: false)
6675 [main] INFO  ipse.xtend.util.stdlib.IOExtensions  - es.ua.dlsi.ooh.conceptualView.impl.OperationImpl@3af9c5b7 (name: readFilter, visibility: Public, operationType: ReadFilter, description: null, type: Object, collectionType: List, isStatic: false, isOrdered: false, filter: select lib FROM LibroEN as lib where lib.Precio<= :p_precio order by lib.Precio desc, precondition: null, body: null, postcondition: null, automaticSynchronize: false, customized: false, paging: false, customizedTransaction: false)
6675 [main] INFO  ipse.xtend.util.stdlib.IOExtensions  - es.ua.dlsi.ooh.conceptualView.impl.OperationImpl@ed7f8b4 (name: filtroBestSeller, visibility: Public, operationType: ReadFilter, description: null, type: Object, collectionType: List, isStatic: false, isOrdered: false, filter: select lib FROM LibroEN as lib WHERE lib.Creador.Mail = :p_mail order by (lib.Precio*lib.Compras) desc, precondition: null, body: null, postcondition: null, automaticSynchronize: false, customized: false, paging: false, customizedTransaction: false)
6675 [main] INFO  ipse.xtend.util.stdlib.IOExtensions  - es.ua.dlsi.ooh.conceptualView.impl.OperationImpl@38102d01 (name: puntuarLibro, visibility: Public, operationType: Custom, description: null, type: Void, collectionType: None, isStatic: false, isOrdered: false, filter: null, precondition: null, body: null, postcondition: null, automaticSynchronize: true, customized: false, paging: false, customizedTransaction: false)
enc:utf-8
6711 [main] INFO  ipse.xtend.util.stdlib.IOExtensions  - es.ua.dlsi.ooh.conceptualView.impl.OperationImpl@3c0be339 (name: crearSolicitud, visibility: Public, operationType: New, description: null, type: Object, collectionType: None, isStatic: false, isOrdered: false, filter: null, precondition: null, body: null, postcondition: null, automaticSynchronize: true, customized: false, paging: false, customizedTransaction: false)
6711 [main] INFO  ipse.xtend.util.stdlib.IOExtensions  - es.ua.dlsi.ooh.conceptualView.impl.OperationImpl@6e509ffa (name: modify, visibility: Public, operationType: Modifier, description: null, type: Void, collectionType: None, isStatic: false, isOrdered: false, filter: null, precondition: null, body: null, postcondition: null, automaticSynchronize: true, customized: false, paging: false, customizedTransaction: false)
6711 [main] INFO  ipse.xtend.util.stdlib.IOExtensions  - es.ua.dlsi.ooh.conceptualView.impl.OperationImpl@68267da0 (name: destroy, visibility: Public, operationType: Destroy, description: null, type: Void, collectionType: None, isStatic: false, isOrdered: false, filter: null, precondition: null, body: null, postcondition: null, automaticSynchronize: true, customized: false, paging: false, customizedTransaction: false)
6711 [main] INFO  ipse.xtend.util.stdlib.IOExtensions  - es.ua.dlsi.ooh.conceptualView.impl.OperationImpl@6ff29830 (name: readOID, visibility: Public, operationType: ReadOID, description: null, type: Object, collectionType: None, isStatic: false, isOrdered: false, filter: null, precondition: null, body: null, postcondition: null, automaticSynchronize: true, customized: false, paging: false, customizedTransaction: false)
6712 [main] INFO  ipse.xtend.util.stdlib.IOExtensions  - es.ua.dlsi.ooh.conceptualView.impl.OperationImpl@313b2ea6 (name: readAll, visibility: Public, operationType: ReadAll, description: null, type: Object, collectionType: List, isStatic: false, isOrdered: false, filter: null, precondition: null, body: null, postcondition: null, automaticSynchronize: true, customized: false, paging: false, customizedTransaction: false)
6712 [main] INFO  ipse.xtend.util.stdlib.IOExtensions  - es.ua.dlsi.ooh.conceptualView.impl.OperationImpl@2f465398 (name: aceptar, visibility: Public, operationType: Custom, description: null, type: Void, collectionType: None, isStatic: false, isOrdered: false, filter: null, precondition: null, body: null, postcondition: null, automaticSynchronize: true, customized: false, paging: false, customizedTransaction: false)
enc:utf-8
6743 [main] INFO  ipse.xtend.util.stdlib.IOExtensions  - es.ua.dlsi.ooh.conceptualView.impl.OperationImpl@fa36558 (name: new, visibility: Public, operationType: New, description: null, type: Object, collectionType: None, isStatic: false, isOrdered: false, filter: null, precondition: null, body: null, postcondition: null, automaticSynchronize: true, customized: false, paging: false, customizedTransaction: false)
6743 [main] INFO  ipse.xtend.util.stdlib.IOExtensions  - es.ua.dlsi.ooh.conceptualView.impl.OperationImpl@fd07cbb (name: modify, visibility: Public, operationType: Modifier, description: null, type: Void, collectionType: None, isStatic: false, isOrdered: false, filter: null, precondition: null, body: null, postcondition: null, automaticSynchronize: true, customized: false, paging: false, customizedTransaction: false)
6743 [main] INFO  ipse.xtend.util.stdlib.IOExtensions  - es.ua.dlsi.ooh.conceptualView.impl.OperationImpl@7c83dc97 (name: destroy, visibility: Public, operationType: Destroy, description: null, type: Void, collectionType: None, isStatic: false, isOrdered: false, filter: null, precondition: null, body: null, postcondition: null, automaticSynchronize: true, customized: false, paging: false, customizedTransaction: false)
6744 [main] INFO  ipse.xtend.util.stdlib.IOExtensions  - es.ua.dlsi.ooh.conceptualView.impl.OperationImpl@740773a3 (name: readOID, visibility: Public, operationType: ReadOID, description: null, type: Object, collectionType: None, isStatic: false, isOrdered: false, filter: null, precondition: null, body: null, postcondition: null, automaticSynchronize: true, customized: false, paging: false, customizedTransaction: false)
6744 [main] INFO  ipse.xtend.util.stdlib.IOExtensions  - es.ua.dlsi.ooh.conceptualView.impl.OperationImpl@55740540 (name: readAll, visibility: Public, operationType: ReadAll, description: null, type: Object, collectionType: List, isStatic: false, isOrdered: false, filter: null, precondition: null, body: null, postcondition: null, automaticSynchronize: true, customized: false, paging: false, customizedTransaction: false)
enc:utf-8
6773 [main] INFO  ipse.xtend.util.stdlib.IOExtensions  - es.ua.dlsi.ooh.conceptualView.impl.OperationImpl@5ab9e72c (name: new, visibility: Public, operationType: New, description: null, type: Object, collectionType: None, isStatic: false, isOrdered: false, filter: null, precondition: null, body: null, postcondition: null, automaticSynchronize: false, customized: true, paging: false, customizedTransaction: false)
6773 [main] INFO  ipse.xtend.util.stdlib.IOExtensions  - es.ua.dlsi.ooh.conceptualView.impl.OperationImpl@36b4fe2a (name: modify, visibility: Public, operationType: Modifier, description: null, type: Void, collectionType: None, isStatic: false, isOrdered: false, filter: null, precondition: null, body: null, postcondition: null, automaticSynchronize: true, customized: false, paging: false, customizedTransaction: false)
6773 [main] INFO  ipse.xtend.util.stdlib.IOExtensions  - es.ua.dlsi.ooh.conceptualView.impl.OperationImpl@157853da (name: destroy, visibility: Public, operationType: Destroy, description: null, type: Void, collectionType: None, isStatic: false, isOrdered: false, filter: null, precondition: null, body: null, postcondition: null, automaticSynchronize: true, customized: false, paging: false, customizedTransaction: false)
6773 [main] INFO  ipse.xtend.util.stdlib.IOExtensions  - es.ua.dlsi.ooh.conceptualView.impl.OperationImpl@236e3f4e (name: borrarComentario, visibility: Public, operationType: Destroy, description: null, type: Void, collectionType: None, isStatic: false, isOrdered: false, filter: null, precondition: null, body: null, postcondition: null, automaticSynchronize: true, customized: false, paging: false, customizedTransaction: false)
6773 [main] INFO  ipse.xtend.util.stdlib.IOExtensions  - es.ua.dlsi.ooh.conceptualView.impl.OperationImpl@6bf0219d (name: publicarComentario, visibility: Public, operationType: New, description: null, type: Object, collectionType: None, isStatic: false, isOrdered: false, filter: null, precondition: null, body: null, postcondition: null, automaticSynchronize: true, customized: false, paging: false, customizedTransaction: false)
6773 [main] INFO  ipse.xtend.util.stdlib.IOExtensions  - es.ua.dlsi.ooh.conceptualView.impl.OperationImpl@5552768b (name: readOID, visibility: Public, operationType: ReadOID, description: null, type: Object, collectionType: None, isStatic: false, isOrdered: false, filter: null, precondition: null, body: null, postcondition: null, automaticSynchronize: true, customized: false, paging: false, customizedTransaction: false)
6773 [main] INFO  ipse.xtend.util.stdlib.IOExtensions  - es.ua.dlsi.ooh.conceptualView.impl.OperationImpl@609db43b (name: readAll, visibility: Public, operationType: ReadAll, description: null, type: Object, collectionType: List, isStatic: false, isOrdered: false, filter: null, precondition: null, body: null, postcondition: null, automaticSynchronize: true, customized: false, paging: false, customizedTransaction: false)
6773 [main] INFO  ipse.xtend.util.stdlib.IOExtensions  - es.ua.dlsi.ooh.conceptualView.impl.OperationImpl@55f616cf (name: readFilter, visibility: Public, operationType: ReadFilter, description: null, type: Object, collectionType: List, isStatic: false, isOrdered: false, filter: select com FROM ComentarioEN as com where com.PaginasLeidas >= :p_paginas, precondition: null, body: null, postcondition: null, automaticSynchronize: false, customized: false, paging: false, customizedTransaction: false)
enc:utf-8
6803 [main] INFO  ipse.xtend.util.stdlib.IOExtensions  - es.ua.dlsi.ooh.conceptualView.impl.OperationImpl@4a668b6e (name: new, visibility: Public, operationType: New, description: null, type: Object, collectionType: None, isStatic: false, isOrdered: false, filter: null, precondition: null, body: null, postcondition: null, automaticSynchronize: true, customized: false, paging: false, customizedTransaction: false)
6803 [main] INFO  ipse.xtend.util.stdlib.IOExtensions  - es.ua.dlsi.ooh.conceptualView.impl.OperationImpl@6f27a732 (name: modify, visibility: Public, operationType: Modifier, description: null, type: Void, collectionType: None, isStatic: false, isOrdered: false, filter: null, precondition: null, body: null, postcondition: null, automaticSynchronize: true, customized: false, paging: false, customizedTransaction: false)
6803 [main] INFO  ipse.xtend.util.stdlib.IOExtensions  - es.ua.dlsi.ooh.conceptualView.impl.OperationImpl@2525ff7e (name: destroy, visibility: Public, operationType: Destroy, description: null, type: Void, collectionType: None, isStatic: false, isOrdered: false, filter: null, precondition: null, body: null, postcondition: null, automaticSynchronize: true, customized: false, paging: false, customizedTransaction: false)
6804 [main] INFO  ipse.xtend.util.stdlib.IOExtensions  - es.ua.dlsi.ooh.conceptualView.impl.OperationImpl@152aa092 (name: borrarAdmin, visibility: Public, operationType: Destroy, description: null, type: Void, collectionType: None, isStatic: false, isOrdered: false, filter: null, precondition: null, body: null, postcondition: null, automaticSynchronize: true, customized: false, paging: false, customizedTransaction: false)
6804 [main] INFO  ipse.xtend.util.stdlib.IOExtensions  - es.ua.dlsi.ooh.conceptualView.impl.OperationImpl@4ef37659 (name: reportarUsuario, visibility: Public, operationType: Modifier, description: null, type: Void, collectionType: None, isStatic: false, isOrdered: false, filter: null, precondition: null, body: null, postcondition: null, automaticSynchronize: true, customized: false, paging: false, customizedTransaction: false)
6804 [main] INFO  ipse.xtend.util.stdlib.IOExtensions  - es.ua.dlsi.ooh.conceptualView.impl.OperationImpl@5136d012 (name: readOID, visibility: Public, operationType: ReadOID, description: null, type: Object, collectionType: None, isStatic: false, isOrdered: false, filter: null, precondition: null, body: null, postcondition: null, automaticSynchronize: true, customized: false, paging: false, customizedTransaction: false)
6804 [main] INFO  ipse.xtend.util.stdlib.IOExtensions  - es.ua.dlsi.ooh.conceptualView.impl.OperationImpl@e1de817 (name: readAll, visibility: Public, operationType: ReadAll, description: null, type: Object, collectionType: List, isStatic: false, isOrdered: false, filter: null, precondition: null, body: null, postcondition: null, automaticSynchronize: true, customized: false, paging: false, customizedTransaction: false)
enc:utf-8
6834 [main] INFO  ipse.xtend.util.stdlib.IOExtensions  - es.ua.dlsi.ooh.conceptualView.impl.OperationImpl@13b13b5d (name: new, visibility: Public, operationType: New, description: null, type: Object, collectionType: None, isStatic: false, isOrdered: false, filter: null, precondition: null, body: null, postcondition: null, automaticSynchronize: true, customized: false, paging: false, customizedTransaction: true)
enc:utf-8
6871 [main] INFO  ipse.xtend.util.stdlib.IOExtensions  - es.ua.dlsi.ooh.conceptualView.impl.OperationImpl@482bce4f (name: modify, visibility: Public, operationType: Modifier, description: null, type: Void, collectionType: None, isStatic: false, isOrdered: false, filter: null, precondition: null, body: null, postcondition: null, automaticSynchronize: true, customized: false, paging: false, customizedTransaction: false)
6871 [main] INFO  ipse.xtend.util.stdlib.IOExtensions  - es.ua.dlsi.ooh.conceptualView.impl.OperationImpl@62e7f11d (name: destroy, visibility: Public, operationType: Destroy, description: null, type: Void, collectionType: None, isStatic: false, isOrdered: false, filter: null, precondition: null, body: null, postcondition: null, automaticSynchronize: true, customized: false, paging: false, customizedTransaction: false)
6871 [main] INFO  ipse.xtend.util.stdlib.IOExtensions  - es.ua.dlsi.ooh.conceptualView.impl.OperationImpl@6a370f4 (name: validardatos, visibility: Public, operationType: Custom, description: null, type: Void, collectionType: None, isStatic: false, isOrdered: false, filter: null, precondition: null, body: null, postcondition: null, automaticSynchronize: true, customized: false, paging: false, customizedTransaction: false)
6871 [main] INFO  ipse.xtend.util.stdlib.IOExtensions  - es.ua.dlsi.ooh.conceptualView.impl.OperationImpl@770d3326 (name: mostrarmensaje, visibility: Public, operationType: Custom, description: null, type: Void, collectionType: None, isStatic: false, isOrdered: false, filter: null, precondition: null, body: null, postcondition: null, automaticSynchronize: true, customized: false, paging: false, customizedTransaction: false)
6871 [main] INFO  ipse.xtend.util.stdlib.IOExtensions  - es.ua.dlsi.ooh.conceptualView.impl.OperationImpl@51f116b8 (name: readOID, visibility: Public, operationType: ReadOID, description: null, type: Object, collectionType: None, isStatic: false, isOrdered: false, filter: null, precondition: null, body: null, postcondition: null, automaticSynchronize: true, customized: false, paging: false, customizedTransaction: false)
6871 [main] INFO  ipse.xtend.util.stdlib.IOExtensions  - es.ua.dlsi.ooh.conceptualView.impl.OperationImpl@1f97cf0d (name: readAll, visibility: Public, operationType: ReadAll, description: null, type: Object, collectionType: List, isStatic: false, isOrdered: false, filter: null, precondition: null, body: null, postcondition: null, automaticSynchronize: true, customized: false, paging: false, customizedTransaction: false)
6871 [main] INFO  ipse.xtend.util.stdlib.IOExtensions  - es.ua.dlsi.ooh.conceptualView.impl.OperationImpl@140c9f39 (name: creaCompra, visibility: Public, operationType: New, description: null, type: Object, collectionType: None, isStatic: false, isOrdered: false, filter: null, precondition: null, body: null, postcondition: null, automaticSynchronize: true, customized: false, paging: false, customizedTransaction: false)
enc:utf-8
6940 [main] INFO  ipse.xtend.util.stdlib.IOExtensions  - es.ua.dlsi.ooh.conceptualView.impl.OperationImpl@346d61be (name: new, visibility: Public, operationType: New, description: null, type: Object, collectionType: None, isStatic: false, isOrdered: false, filter: null, precondition: null, body: null, postcondition: null, automaticSynchronize: true, customized: false, paging: false, customizedTransaction: false)
6941 [main] INFO  ipse.xtend.util.stdlib.IOExtensions  - es.ua.dlsi.ooh.conceptualView.impl.OperationImpl@3d1cfad4 (name: modify, visibility: Public, operationType: Modifier, description: null, type: Void, collectionType: None, isStatic: false, isOrdered: false, filter: null, precondition: null, body: null, postcondition: null, automaticSynchronize: true, customized: false, paging: false, customizedTransaction: false)
6941 [main] INFO  ipse.xtend.util.stdlib.IOExtensions  - es.ua.dlsi.ooh.conceptualView.impl.OperationImpl@2e55dd0c (name: destroy, visibility: Public, operationType: Destroy, description: null, type: Void, collectionType: None, isStatic: false, isOrdered: false, filter: null, precondition: null, body: null, postcondition: null, automaticSynchronize: true, customized: false, paging: false, customizedTransaction: false)
6941 [main] INFO  ipse.xtend.util.stdlib.IOExtensions  - es.ua.dlsi.ooh.conceptualView.impl.OperationImpl@e7edb54 (name: anyadirToLista, visibility: Public, operationType: Relationer, description: null, type: Void, collectionType: None, isStatic: false, isOrdered: false, filter: null, precondition: null, body: null, postcondition: null, automaticSynchronize: true, customized: false, paging: false, customizedTransaction: false)
6941 [main] INFO  ipse.xtend.util.stdlib.IOExtensions  - es.ua.dlsi.ooh.conceptualView.impl.OperationImpl@69e1dd28 (name: readOID, visibility: Public, operationType: ReadOID, description: null, type: Object, collectionType: None, isStatic: false, isOrdered: false, filter: null, precondition: null, body: null, postcondition: null, automaticSynchronize: true, customized: false, paging: false, customizedTransaction: false)
6941 [main] INFO  ipse.xtend.util.stdlib.IOExtensions  - es.ua.dlsi.ooh.conceptualView.impl.OperationImpl@c333c60 (name: readAll, visibility: Public, operationType: ReadAll, description: null, type: Object, collectionType: List, isStatic: false, isOrdered: false, filter: null, precondition: null, body: null, postcondition: null, automaticSynchronize: true, customized: false, paging: false, customizedTransaction: false)
enc:utf-8
6969 [main] INFO  ipse.xtend.util.stdlib.IOExtensions  - es.ua.dlsi.ooh.conceptualView.impl.OperationImpl@a3d8174 (name: new, visibility: Public, operationType: New, description: null, type: Object, collectionType: None, isStatic: false, isOrdered: false, filter: null, precondition: null, body: null, postcondition: null, automaticSynchronize: true, customized: false, paging: false, customizedTransaction: false)
6969 [main] INFO  ipse.xtend.util.stdlib.IOExtensions  - es.ua.dlsi.ooh.conceptualView.impl.OperationImpl@41fecb8b (name: modify, visibility: Public, operationType: Modifier, description: null, type: Void, collectionType: None, isStatic: false, isOrdered: false, filter: null, precondition: null, body: null, postcondition: null, automaticSynchronize: true, customized: false, paging: false, customizedTransaction: false)
6969 [main] INFO  ipse.xtend.util.stdlib.IOExtensions  - es.ua.dlsi.ooh.conceptualView.impl.OperationImpl@625732 (name: destroy, visibility: Public, operationType: Destroy, description: null, type: Void, collectionType: None, isStatic: false, isOrdered: false, filter: null, precondition: null, body: null, postcondition: null, automaticSynchronize: true, customized: false, paging: false, customizedTransaction: false)
enc:utf-8
6999 [main] INFO  ipse.xtend.util.stdlib.IOExtensions  - es.ua.dlsi.ooh.conceptualView.impl.OperationImpl@27ff5d15 (name: new, visibility: Public, operationType: New, description: null, type: Object, collectionType: None, isStatic: false, isOrdered: false, filter: null, precondition: null, body: null, postcondition: null, automaticSynchronize: true, customized: false, paging: false, customizedTransaction: false)
6999 [main] INFO  ipse.xtend.util.stdlib.IOExtensions  - es.ua.dlsi.ooh.conceptualView.impl.OperationImpl@31e5415e (name: modify, visibility: Public, operationType: Modifier, description: null, type: Void, collectionType: None, isStatic: false, isOrdered: false, filter: null, precondition: null, body: null, postcondition: null, automaticSynchronize: true, customized: false, paging: false, customizedTransaction: false)
6999 [main] INFO  ipse.xtend.util.stdlib.IOExtensions  - es.ua.dlsi.ooh.conceptualView.impl.OperationImpl@702b8b12 (name: destroy, visibility: Public, operationType: Destroy, description: null, type: Void, collectionType: None, isStatic: false, isOrdered: false, filter: null, precondition: null, body: null, postcondition: null, automaticSynchronize: true, customized: false, paging: false, customizedTransaction: false)
6999 [main] INFO  ipse.xtend.util.stdlib.IOExtensions  - es.ua.dlsi.ooh.conceptualView.impl.OperationImpl@49912c99 (name: readOID, visibility: Public, operationType: ReadOID, description: null, type: Object, collectionType: None, isStatic: false, isOrdered: false, filter: null, precondition: null, body: null, postcondition: null, automaticSynchronize: true, customized: false, paging: false, customizedTransaction: false)
7000 [main] INFO  ipse.xtend.util.stdlib.IOExtensions  - es.ua.dlsi.ooh.conceptualView.impl.OperationImpl@2dde1bff (name: readAll, visibility: Public, operationType: ReadAll, description: null, type: Object, collectionType: List, isStatic: false, isOrdered: false, filter: null, precondition: null, body: null, postcondition: null, automaticSynchronize: true, customized: false, paging: false, customizedTransaction: false)
enc:utf-8
7041 [main] INFO  ipse.xtend.util.stdlib.IOExtensions  - UsuarioEN
enc:utf-8
7099 [main] INFO  ipse.xtend.util.stdlib.IOExtensions  - LibroEN
enc:utf-8
7158 [main] INFO  ipse.xtend.util.stdlib.IOExtensions  - SolicitudEN
enc:utf-8
7200 [main] INFO  ipse.xtend.util.stdlib.IOExtensions  - Club_lecEN
enc:utf-8
7235 [main] INFO  ipse.xtend.util.stdlib.IOExtensions  - ComentarioEN
enc:utf-8
7272 [main] INFO  ipse.xtend.util.stdlib.IOExtensions  - AdminEN
enc:utf-8
7379 [main] INFO  ipse.xtend.util.stdlib.IOExtensions  - CompraEN
enc:utf-8
7500 [main] INFO  ipse.xtend.util.stdlib.IOExtensions  - ListaEN
enc:utf-8
7599 [main] INFO  ipse.xtend.util.stdlib.IOExtensions  - PuntuacionEN
enc:utf-8
7658 [main] INFO  ipse.xtend.util.stdlib.IOExtensions  - AutorEN
enc:utf-8
enc:utf-8
enc:utf-8
7777 [main] INFO  ipse.xtend.util.stdlib.IOExtensions  - EN
7782 [main] INFO  ipse.xtend.util.stdlib.IOExtensions  - EN
7786 [main] INFO  ipse.xtend.util.stdlib.IOExtensions  - EN
7788 [main] INFO  ipse.xtend.util.stdlib.IOExtensions  - EN
7789 [main] INFO  ipse.xtend.util.stdlib.IOExtensions  - EN
7793 [main] INFO  ipse.xtend.util.stdlib.IOExtensions  - EN
7795 [main] INFO  ipse.xtend.util.stdlib.IOExtensions  - EN
7796 [main] INFO  ipse.xtend.util.stdlib.IOExtensions  - EN
7797 [main] INFO  ipse.xtend.util.stdlib.IOExtensions  - EN
enc:utf-8
enc:utf-8
7876 [main] INFO         org.eclipse.xpand2.Generator  - Written 1 files to outlet [default](../BookReViewGen)
7876 [main] INFO         org.eclipse.xpand2.Generator  - Skipped writing of 91 files to outlet [default](../BookReViewGen)
7876 [main] INFO  e.core.container.CompositeComponent  - es.ua.dlsi.ooh.persistence.nhibernate.generator.workflowComponents.CreateSolution
7892 [main] INFO  e.core.container.CompositeComponent  - es.ua.dlsi.ooh.persistence.nhibernate.generator.workflowComponents.UpdateSolution
7907 [main] INFO  e.core.container.CompositeComponent  - es.ua.dlsi.ooh.persistence.nhibernate.generator.workflowComponents.CopyDLLs
../BookReViewGen\BookReViewGenNHibernate\AppLib\Antlr3.Runtime.dll
../BookReViewGen\BookReViewGenNHibernate\AppLib\Castle.DynamicProxy2.dll
../BookReViewGen\BookReViewGenNHibernate\AppLib\Iesi.Collections.dll
../BookReViewGen\BookReViewGenNHibernate\AppLib\jose-jwt.dll
../BookReViewGen\BookReViewGenNHibernate\AppLib\LinFu.DynamicProxy.dll
../BookReViewGen\BookReViewGenNHibernate\AppLib\log4net.dll
../BookReViewGen\BookReViewGenNHibernate\AppLib\Newtonsoft.Json.dll
../BookReViewGen\BookReViewGenNHibernate\AppLib\NHibernate.ByteCode.Castle.dll
../BookReViewGen\BookReViewGenNHibernate\AppLib\NHibernate.ByteCode.LinFu.dll
../BookReViewGen\BookReViewGenNHibernate\AppLib\NHibernate.dll
../BookReViewGen\BookReViewGenNHibernate\AppLib\nunit.core.dll
../BookReViewGen\BookReViewGenNHibernate\AppLib\nunit.framework.dll
7913 [main] INFO  eclipse.emf.mwe.core.WorkflowEngine  - workflow completed in 7223ms!
